2026-07-18 01:46:46,980 - __main__ - INFO - 🚀 Bot ishga tushmoqda...
2026-07-18 01:46:47,011 - __main__ - INFO - ✅ Database initialized
2026-07-18 01:46:47,011 - __main__ - INFO - ✅ VIP expiry checked on startup
2026-07-18 01:46:47,011 - __main__ - INFO - ✅ VIP checker task started
2026-07-18 01:46:47,011 - __main__ - INFO - 🚀 Bot muvaffaqiyatli ishga tushdi!
2026-07-18 01:46:47,011 - aiogram.dispatcher - INFO - Start polling
2026-07-18 01:46:47,469 - aiogram.dispatcher - INFO - Run polling for bot @Sinov_mushugim_bot id=8719707916 - 'Sinov bot'
2026-07-18 01:47:36,450 - aiogram.event - INFO - Update id=609562842 is handled. Duration 687 ms by bot id=8719707916
2026-07-18 01:47:42,422 - aiogram.event - INFO - Update id=609562843 is handled. Duration 187 ms by bot id=8719707916
2026-07-18 01:47:43,826 - aiogram.event - INFO - Update id=609562844 is handled. Duration 296 ms by bot id=8719707916
2026-07-18 01:47:45,467 - aiogram.event - INFO - Update id=609562845 is handled. Duration 155 ms by bot id=8719707916
2026-07-18 01:47:46,429 - aiogram.event - INFO - Update id=609562846 is handled. Duration 204 ms by bot id=8719707916
2026-07-18 01:47:57,324 - aiogram.event - INFO - Update id=609562847 is handled. Duration 515 ms by bot id=8719707916
2026-07-18 01:48:18,634 - aiogram.event - INFO - Update id=609562848 is handled. Duration 468 ms by bot id=8719707916
2026-07-18 01:48:39,378 - aiogram.event - INFO - Update id=609562849 is handled. Duration 672 ms by bot id=8719707916
2026-07-18 01:48:42,526 - user.start - INFO - Join request saqlandi: user=8645314130, chat=-1003954219432
2026-07-18 01:48:42,526 - aiogram.event - INFO - Update id=609562850 is handled. Duration 46 ms by bot id=8719707916
2026-07-18 01:48:44,430 - aiogram.event - INFO - Update id=609562851 is handled. Duration 640 ms by bot id=8719707916
2026-07-18 01:49:13,842 - aiogram.event - INFO - Update id=609562852 is handled. Duration 452 ms by bot id=8719707916
2026-07-18 01:49:15,210 - aiogram.event - INFO - Update id=609562853 is handled. Duration 171 ms by bot id=8719707916
2026-07-18 01:49:16,581 - aiogram.event - INFO - Update id=609562854 is handled. Duration 187 ms by bot id=8719707916
2026-07-18 01:49:17,907 - aiogram.event - INFO - Update id=609562855 is handled. Duration 219 ms by bot id=8719707916
2026-07-18 01:49:19,562 - aiogram.event - INFO - Update id=609562856 is handled. Duration 219 ms by bot id=8719707916
2026-07-18 01:49:20,774 - aiogram.event - INFO - Update id=609562857 is handled. Duration 203 ms by bot id=8719707916
2026-07-18 01:49:22,052 - aiogram.event - INFO - Update id=609562858 is handled. Duration 156 ms by bot id=8719707916
2026-07-18 01:49:23,488 - aiogram.event - INFO - Update id=609562859 is handled. Duration 406 ms by bot id=8719707916
2026-07-18 01:49:24,611 - aiogram.event - INFO - Update id=609562860 is handled. Duration 437 ms by bot id=8719707916
2026-07-18 01:49:26,121 - aiogram.event - INFO - Update id=609562861 is handled. Duration 219 ms by bot id=8719707916
2026-07-18 01:49:26,889 - aiogram.event - INFO - Update id=609562862 is handled. Duration 187 ms by bot id=8719707916
2026-07-18 01:49:28,111 - aiogram.event - INFO - Update id=609562863 is handled. Duration 187 ms by bot id=8719707916
2026-07-18 01:49:32,183 - aiogram.event - INFO - Update id=609562864 is handled. Duration 171 ms by bot id=8719707916
2026-07-18 01:50:30,065 - aiogram.event - INFO - Update id=609562865 is handled. Duration 469 ms by bot id=8719707916
2026-07-18 01:51:18,909 - aiogram.event - INFO - Update id=609562866 is handled. Duration 484 ms by bot id=8719707916
2026-07-18 01:51:19,995 - aiogram.event - INFO - Update id=609562867 is handled. Duration 188 ms by bot id=8719707916
2026-07-18 01:51:21,273 - aiogram.event - INFO - Update id=609562868 is handled. Duration 218 ms by bot id=8719707916
2026-07-18 01:51:23,467 - aiogram.event - INFO - Update id=609562869 is handled. Duration 202 ms by bot id=8719707916
2026-07-18 01:51:29,649 - aiogram.event - INFO - Update id=609562870 is handled. Duration 280 ms by bot id=8719707916
2026-07-18 01:51:32,931 - aiogram.event - INFO - Update id=609562871 is handled. Duration 202 ms by bot id=8719707916
2026-07-18 01:51:45,362 - aiogram.event - INFO - Update id=609562872 is handled. Duration 250 ms by bot id=8719707916
2026-07-18 01:51:47,587 - aiogram.event - INFO - Update id=609562873 is handled. Duration 483 ms by bot id=8719707916
2026-07-18 01:51:48,891 - aiogram.event - INFO - Update id=609562874 is handled. Duration 437 ms by bot id=8719707916
2026-07-18 01:52:14,754 - aiogram.event - INFO - Update id=609562875 is handled. Duration 515 ms by bot id=8719707916
2026-07-18 01:52:26,475 - aiogram.event - INFO - Update id=609562876 is handled. Duration 436 ms by bot id=8719707916
2026-07-18 01:52:28,680 - aiogram.event - INFO - Update id=609562877 is handled. Duration 515 ms by bot id=8719707916
2026-07-18 01:53:03,682 - aiogram.event - INFO - Update id=609562878 is handled. Duration 859 ms by bot id=8719707916
2026-07-18 01:53:09,002 - aiogram.event - INFO - Update id=609562879 is handled. Duration 203 ms by bot id=8719707916
2026-07-18 01:53:10,500 - aiogram.event - INFO - Update id=609562880 is handled. Duration 219 ms by bot id=8719707916
2026-07-18 01:53:11,632 - aiogram.event - INFO - Update id=609562881 is handled. Duration 407 ms by bot id=8719707916
2026-07-18 01:53:14,326 - aiogram.event - INFO - Update id=609562882 is handled. Duration 235 ms by bot id=8719707916
2026-07-18 01:53:22,859 - aiogram.event - INFO - Update id=609562883 is handled. Duration 469 ms by bot id=8719707916
2026-07-18 01:53:27,307 - aiogram.event - INFO - Update id=609562884 is handled. Duration 219 ms by bot id=8719707916
2026-07-18 01:53:29,242 - aiogram.event - INFO - Update id=609562885 is handled. Duration 219 ms by bot id=8719707916
2026-07-18 01:53:31,224 - aiogram.event - INFO - Update id=609562886 is handled. Duration 295 ms by bot id=8719707916
2026-07-18 01:53:32,672 - aiogram.event - INFO - Update id=609562887 is handled. Duration 594 ms by bot id=8719707916
2026-07-18 01:53:35,875 - aiogram.event - INFO - Update id=609562888 is handled. Duration 625 ms by bot id=8719707916
2026-07-18 01:53:44,149 - aiogram.event - INFO - Update id=609562889 is handled. Duration 264 ms by bot id=8719707916
2026-07-18 01:53:46,228 - aiogram.event - INFO - Update id=609562890 is handled. Duration 531 ms by bot id=8719707916
2026-07-18 01:53:52,090 - aiogram.event - INFO - Update id=609562891 is handled. Duration 436 ms by bot id=8719707916
2026-07-18 01:54:07,927 - aiogram.event - INFO - Update id=609562892 is handled. Duration 437 ms by bot id=8719707916
2026-07-18 01:54:10,469 - aiogram.event - INFO - Update id=609562893 is handled. Duration 233 ms by bot id=8719707916
2026-07-18 01:54:11,996 - aiogram.event - INFO - Update id=609562894 is handled. Duration 407 ms by bot id=8719707916
2026-07-18 01:54:14,202 - aiogram.event - INFO - Update id=609562895 is handled. Duration 390 ms by bot id=8719707916
2026-07-18 01:58:13,360 - aiogram.event - INFO - Update id=609562896 is handled. Duration 484 ms by bot id=8719707916
2026-07-18 01:58:14,646 - aiogram.event - INFO - Update id=609562897 is handled. Duration 250 ms by bot id=8719707916
2026-07-18 01:58:16,422 - aiogram.event - INFO - Update id=609562898 is handled. Duration 562 ms by bot id=8719707916
2026-07-18 01:58:17,705 - aiogram.event - INFO - Update id=609562899 is handled. Duration 280 ms by bot id=8719707916
2026-07-18 01:58:19,877 - aiogram.event - INFO - Update id=609562900 is handled. Duration 750 ms by bot id=8719707916
2026-07-18 01:58:26,423 - aiogram.event - INFO - Update id=609562901 is handled. Duration 610 ms by bot id=8719707916
2026-07-18 01:58:31,687 - aiogram.event - INFO - Update id=609562902 is handled. Duration 296 ms by bot id=8719707916
2026-07-18 01:58:38,091 - aiogram.event - INFO - Update id=609562903 is handled. Duration 264 ms by bot id=8719707916
2026-07-18 01:58:39,661 - aiogram.event - INFO - Update id=609562904 is handled. Duration 296 ms by bot id=8719707916
2026-07-18 01:58:46,381 - aiogram.event - INFO - Update id=609562905 is handled. Duration 219 ms by bot id=8719707916
2026-07-18 19:57:55,700 - __main__ - INFO - 🚀 Bot ishga tushmoqda...
2026-07-18 19:57:55,716 - __main__ - INFO - ✅ Database initialized
2026-07-18 19:57:55,732 - __main__ - INFO - ✅ VIP expiry checked on startup
2026-07-18 19:57:55,747 - __main__ - INFO - ✅ VIP checker task started
2026-07-18 19:57:55,747 - __main__ - INFO - 🚀 Bot muvaffaqiyatli ishga tushdi!
2026-07-18 19:57:55,747 - aiogram.dispatcher - INFO - Start polling
2026-07-18 19:57:56,517 - aiogram.dispatcher - INFO - Run polling for bot @Sinov_mushugim_bot id=8719707916 - 'Sinov bot'
2026-07-18 19:57:56,769 - user.start - INFO - Join request saqlandi: user=7585926417, chat=-1003311309018
2026-07-18 19:57:56,769 - aiogram.event - INFO - Update id=609562907 is handled. Duration 31 ms by bot id=8719707916
2026-07-18 19:57:56,784 - user.start - INFO - Join request saqlandi: user=8164364311, chat=-1003311309018
2026-07-18 19:57:56,784 - aiogram.event - INFO - Update id=609562906 is handled. Duration 47 ms by bot id=8719707916
2026-07-18 19:57:56,805 - user.start - INFO - Join request saqlandi: user=6753906456, chat=-1003311309018
2026-07-18 19:57:56,805 - aiogram.event - INFO - Update id=609562908 is handled. Duration 78 ms by bot id=8719707916
2026-07-18 19:57:56,831 - user.start - INFO - Join request saqlandi: user=6368977677, chat=-1003311309018
2026-07-18 19:57:56,831 - aiogram.event - INFO - Update id=609562909 is handled. Duration 94 ms by bot id=8719707916
2026-07-18 20:04:00,852 - aiogram.dispatcher - ERROR - Failed to fetch updates - TelegramNetworkError: HTTP Client says - Request timeout error
2026-07-18 20:04:00,852 - aiogram.dispatcher - WARNING - Sleep for 1.000000 seconds and try again... (tryings = 0, bot id = 8719707916)
2026-07-18 20:04:02,473 - aiogram.dispatcher - INFO - Connection established (tryings = 1, bot id = 8719707916)
2026-07-18 20:04:02,505 - user.start - INFO - Join request saqlandi: user=5938409238, chat=-1003311309018
2026-07-18 20:04:02,505 - aiogram.event - INFO - Update id=609562910 is handled. Duration 31 ms by bot id=8719707916
2026-07-18 20:04:49,323 - user.start - INFO - Join request saqlandi: user=7268684986, chat=-1003311309018
2026-07-18 20:04:49,323 - aiogram.event - INFO - Update id=609562911 is handled. Duration 47 ms by bot id=8719707916
2026-07-18 20:06:08,042 - aiogram.event - INFO - Update id=609562912 is handled. Duration 469 ms by bot id=8719707916
2026-07-18 20:06:11,068 - aiogram.event - INFO - Update id=609562913 is handled. Duration 234 ms by bot id=8719707916
2026-07-18 20:06:12,335 - aiogram.event - INFO - Update id=609562914 is handled. Duration 312 ms by bot id=8719707916
2026-07-18 20:06:13,368 - aiogram.event - INFO - Update id=609562915 is handled. Duration 172 ms by bot id=8719707916
2026-07-18 20:06:14,576 - aiogram.event - INFO - Update id=609562916 is handled. Duration 187 ms by bot id=8719707916
2026-07-18 20:06:15,672 - aiogram.event - INFO - Update id=609562917 is handled. Duration 188 ms by bot id=8719707916
2026-07-18 20:06:16,760 - aiogram.event - INFO - Update id=609562918 is handled. Duration 172 ms by bot id=8719707916
2026-07-18 20:06:18,168 - aiogram.event - INFO - Update id=609562919 is handled. Duration 172 ms by bot id=8719707916
2026-07-18 20:06:19,690 - aiogram.event - INFO - Update id=609562920 is handled. Duration 172 ms by bot id=8719707916
2026-07-18 20:06:21,483 - aiogram.event - INFO - Update id=609562921 is handled. Duration 186 ms by bot id=8719707916
2026-07-18 20:06:25,360 - aiogram.event - INFO - Update id=609562922 is handled. Duration 171 ms by bot id=8719707916
2026-07-18 20:06:27,257 - aiogram.event - INFO - Update id=609562923 is handled. Duration 187 ms by bot id=8719707916
2026-07-18 20:06:28,902 - aiogram.event - INFO - Update id=609562924 is handled. Duration 172 ms by bot id=8719707916
2026-07-18 20:06:30,639 - aiogram.event - INFO - Update id=609562925 is handled. Duration 156 ms by bot id=8719707916
2026-07-18 20:06:56,002 - aiogram.event - INFO - Update id=609562926 is handled. Duration 484 ms by bot id=8719707916
2026-07-18 20:06:58,463 - aiogram.event - INFO - Update id=609562927 is handled. Duration 484 ms by bot id=8719707916
2026-07-18 20:07:00,831 - aiogram.event - INFO - Update id=609562928 is handled. Duration 1422 ms by bot id=8719707916
2026-07-18 20:07:08,902 - aiogram.event - INFO - Update id=609562929 is handled. Duration 358 ms by bot id=8719707916
2026-07-18 20:07:12,020 - aiogram.event - INFO - Update id=609562930 is handled. Duration 281 ms by bot id=8719707916
2026-07-18 20:07:16,675 - aiogram.event - INFO - Update id=609562931 is handled. Duration 203 ms by bot id=8719707916
2026-07-18 20:07:20,228 - aiogram.event - INFO - Update id=609562932 is handled. Duration 202 ms by bot id=8719707916
2026-07-18 20:07:22,306 - aiogram.event - INFO - Update id=609562933 is handled. Duration 297 ms by bot id=8719707916
2026-07-18 20:07:27,048 - aiogram.event - INFO - Update id=609562934 is handled. Duration 672 ms by bot id=8719707916
2026-07-18 20:07:29,821 - aiogram.event - INFO - Update id=609562935 is handled. Duration 390 ms by bot id=8719707916
2026-07-18 20:07:32,892 - aiogram.event - INFO - Update id=609562936 is handled. Duration 375 ms by bot id=8719707916
2026-07-18 20:07:48,348 - aiogram.event - INFO - Update id=609562937 is handled. Duration 530 ms by bot id=8719707916
2026-07-18 20:07:52,272 - aiogram.event - INFO - Update id=609562938 is handled. Duration 265 ms by bot id=8719707916
2026-07-18 20:07:55,481 - aiogram.event - INFO - Update id=609562939 is handled. Duration 202 ms by bot id=8719707916
2026-07-18 20:07:57,035 - aiogram.event - INFO - Update id=609562940 is handled. Duration 233 ms by bot id=8719707916
2026-07-18 20:08:01,828 - aiogram.event - INFO - Update id=609562941 is handled. Duration 422 ms by bot id=8719707916
2026-07-18 20:08:08,569 - aiogram.event - INFO - Update id=609562942 is handled. Duration 453 ms by bot id=8719707916
2026-07-18 20:08:13,072 - aiogram.event - INFO - Update id=609562943 is handled. Duration 327 ms by bot id=8719707916
2026-07-18 23:59:24,087 - __main__ - INFO - 🚀 Bot ishga tushmoqda...
2026-07-18 23:59:24,111 - __main__ - INFO - ✅ Database initialized
2026-07-18 23:59:24,121 - __main__ - INFO - ✅ VIP expiry checked on startup
2026-07-18 23:59:24,150 - __main__ - INFO - ✅ VIP checker task started
2026-07-18 23:59:24,150 - __main__ - INFO - 🚀 Bot muvaffaqiyatli ishga tushdi!
2026-07-18 23:59:24,150 - aiogram.dispatcher - INFO - Start polling
2026-07-18 23:59:24,686 - aiogram.dispatcher - INFO - Run polling for bot @Sinov_mushugim_bot id=8719707916 - 'Sinov bot'
2026-07-18 23:59:24,923 - user.start - INFO - Join request saqlandi: user=6952721906, chat=-1003311309018
2026-07-18 23:59:24,923 - aiogram.event - INFO - Update id=609562944 is handled. Duration 32 ms by bot id=8719707916
2026-07-18 23:59:34,300 - aiogram.event - INFO - Update id=609562945 is handled. Duration 1015 ms by bot id=8719707916
2026-07-18 23:59:38,454 - aiogram.event - INFO - Update id=609562946 is handled. Duration 265 ms by bot id=8719707916
2026-07-18 23:59:44,191 - aiogram.event - INFO - Update id=609562947 is handled. Duration 390 ms by bot id=8719707916
2026-07-18 23:59:47,845 - aiogram.event - INFO - Update id=609562948 is handled. Duration 265 ms by bot id=8719707916
2026-07-18 23:59:54,814 - aiogram.event - INFO - Update id=609562949 is handled. Duration 344 ms by bot id=8719707916
2026-07-18 23:59:56,292 - aiogram.event - INFO - Update id=609562950 is handled. Duration 203 ms by bot id=8719707916
2026-07-18 23:59:58,019 - aiogram.event - INFO - Update id=609562951 is handled. Duration 233 ms by bot id=8719707916
2026-07-19 00:00:00,094 - aiogram.event - INFO - Update id=609562952 is handled. Duration 265 ms by bot id=8719707916
2026-07-19 00:00:01,906 - aiogram.event - INFO - Update id=609562953 is handled. Duration 313 ms by bot id=8719707916
2026-07-19 00:00:03,597 - aiogram.event - INFO - Update id=609562954 is handled. Duration 342 ms by bot id=8719707916
2026-07-19 00:00:07,971 - aiogram.event - INFO - Update id=609562955 is handled. Duration 250 ms by bot id=8719707916
2026-07-19 00:00:09,978 - aiogram.event - INFO - Update id=609562956 is handled. Duration 452 ms by bot id=8719707916
2026-07-19 00:00:14,038 - aiogram.event - INFO - Update id=609562957 is handled. Duration 234 ms by bot id=8719707916
2026-07-19 00:00:36,573 - aiogram.event - INFO - Update id=609562958 is handled. Duration 577 ms by bot id=8719707916
2026-07-19 00:00:39,894 - aiogram.event - INFO - Update id=609562959 is handled. Duration 217 ms by bot id=8719707916
2026-07-19 00:00:41,500 - aiogram.event - INFO - Update id=609562960 is handled. Duration 344 ms by bot id=8719707916
2026-07-19 00:00:46,410 - aiogram.event - INFO - Update id=609562961 is handled. Duration 438 ms by bot id=8719707916
2026-07-19 00:00:52,572 - aiogram.event - INFO - Update id=609562962 is handled. Duration 296 ms by bot id=8719707916
2026-07-19 00:00:55,498 - aiogram.event - INFO - Update id=609562963 is handled. Duration 219 ms by bot id=8719707916
2026-07-19 00:00:56,821 - aiogram.event - INFO - Update id=609562964 is handled. Duration 234 ms by bot id=8719707916
2026-07-19 00:00:59,557 - aiogram.event - INFO - Update id=609562965 is handled. Duration 219 ms by bot id=8719707916
2026-07-19 00:01:03,146 - aiogram.event - INFO - Update id=609562966 is handled. Duration 202 ms by bot id=8719707916
2026-07-19 00:01:04,439 - aiogram.event - INFO - Update id=609562967 is handled. Duration 250 ms by bot id=8719707916
2026-07-19 00:02:21,750 - aiogram.event - INFO - Update id=609562968 is handled. Duration 688 ms by bot id=8719707916
2026-07-19 00:02:38,578 - aiogram.event - INFO - Update id=609562969 is handled. Duration 594 ms by bot id=8719707916
2026-07-19 00:02:41,097 - aiogram.event - INFO - Update id=609562970 is handled. Duration 265 ms by bot id=8719707916
2026-07-19 00:03:29,623 - aiogram.event - INFO - Update id=609562971 is handled. Duration 750 ms by bot id=8719707916
2026-07-19 00:03:32,599 - aiogram.event - INFO - Update id=609562972 is handled. Duration 280 ms by bot id=8719707916
2026-07-19 00:03:33,843 - aiogram.event - INFO - Update id=609562973 is handled. Duration 234 ms by bot id=8719707916
2026-07-19 00:03:36,015 - aiogram.event - INFO - Update id=609562974 is handled. Duration 327 ms by bot id=8719707916
2026-07-19 00:03:37,507 - aiogram.event - INFO - Update id=609562975 is handled. Duration 407 ms by bot id=8719707916
2026-07-19 00:03:39,429 - aiogram.event - INFO - Update id=609562976 is handled. Duration 265 ms by bot id=8719707916
2026-07-19 00:03:44,617 - aiogram.event - INFO - Update id=609562977 is handled. Duration 594 ms by bot id=8719707916
2026-07-19 00:03:54,226 - aiogram.event - INFO - Update id=609562978 is handled. Duration 234 ms by bot id=8719707916
2026-07-19 00:04:07,679 - aiogram.event - INFO - Update id=609562979 is handled. Duration 234 ms by bot id=8719707916
2026-07-19 00:04:13,376 - aiogram.event - INFO - Update id=609562980 is handled. Duration 313 ms by bot id=8719707916
2026-07-19 00:04:14,606 - aiogram.event - INFO - Update id=609562981 is handled. Duration 265 ms by bot id=8719707916
2026-07-19 00:04:20,495 - aiogram.event - INFO - Update id=609562982 is handled. Duration 328 ms by bot id=8719707916
2026-07-19 00:04:37,981 - aiogram.event - INFO - Update id=609562983 is handled. Duration 640 ms by bot id=8719707916
